<?xml version="1.0" encoding="UTF-8"?>
<!-- Generated by org.testng.reporters.JUnitReportReporter -->
<testsuite skipped="0" hostname="DESKTOP-OL729TN" name="com.amazon.demo.common_01_RegisterAccount" tests="2" failures="0" timestamp="11 Dec 2021 12:45:58 GMT" time="396.575" errors="0">
  <testcase name="demo_01_VerifyResultListIsPaginatedIfThereAreMoreThan16Items" time="389.759" classname="com.amazon.demo.common_01_RegisterAccount"/>
  <testcase name="demo_02_VerifyResultListCanBeSortedOnDemand" time="6.816" classname="com.amazon.demo.common_01_RegisterAccount"/>
</testsuite> <!-- com.amazon.demo.common_01_RegisterAccount -->
